<?xml version="1.0" encoding="UTF-8"?>
<robot generator="Robot 6.0.2 (Python 3.10.6 on linux)" generated="20230130 12:42:03.668" rpa="false" schemaversion="3">
<suite id="s1" name="Crm" source="/home/ianis/Desktop/Robot/Tests/crm.robot">
<test id="s1-t1" name="Home page should load" line="21">
<kw name="Begin Web Test" library="Common" type="SETUP">
<kw name="Set Selenium Timeout" library="SeleniumLibrary">
<arg>10s</arg>
<doc>Sets the timeout that is used by various keywords.</doc>
<status status="PASS" starttime="20230130 12:42:04.471" endtime="20230130 12:42:04.472"/>
</kw>
<kw name="Open Browser" library="SeleniumLibrary">
<arg>https://automationplayground.com/crm/</arg>
<arg>${BROWSER}</arg>
<doc>Opens a new browser instance to the optional ``url``.</doc>
<msg timestamp="20230130 12:42:04.474" level="INFO">Opening browser 'chrome' to base url 'https://automationplayground.com/crm/'.</msg>
<status status="PASS" starttime="20230130 12:42:04.472" endtime="20230130 12:42:08.688"/>
</kw>
<kw name="Set Window Position" library="SeleniumLibrary">
<arg>x=341</arg>
<arg>y=169</arg>
<doc>Sets window position using ``x`` and ``y`` coordinates.</doc>
<status status="PASS" starttime="20230130 12:42:08.688" endtime="20230130 12:42:08.816"/>
</kw>
<kw name="Set Window Size" library="SeleniumLibrary">
<arg>width=1935</arg>
<arg>height=1090</arg>
<doc>Sets current windows size to given ``width`` and ``height``.</doc>
<status status="PASS" starttime="20230130 12:42:08.817" endtime="20230130 12:42:09.162"/>
</kw>
<kw name="Wait Until Page Contains" library="SeleniumLibrary">
<arg>Customers Are Priority One!</arg>
<doc>Waits until ``text`` appears on the current page.</doc>
<status status="PASS" starttime="20230130 12:42:09.162" endtime="20230130 12:42:09.292"/>
</kw>
<status status="PASS" starttime="20230130 12:42:04.469" endtime="20230130 12:42:09.293"/>
</kw>
<kw name="Go to &quot;Home&quot; Page" library="Crm.App">
<kw name="Navigate To" library="Home">
<kw name="Go To" library="SeleniumLibrary">
<arg>${URL}</arg>
<doc>Navigates the current browser window to the provided ``url``.</doc>
<msg timestamp="20230130 12:42:09.297" level="INFO">Opening url 'https://automationplayground.com/crm/'</msg>
<status status="PASS" starttime="20230130 12:42:09.296" endtime="20230130 12:42:09.727"/>
</kw>
<kw name="Verify Page Loaded" library="Home">
<kw name="Wait Until Page Contains" library="SeleniumLibrary">
<arg>${HOME_HEADER_LABEL}</arg>
<doc>Waits until ``text`` appears on the current page.</doc>
<status status="PASS" starttime="20230130 12:42:09.731" endtime="20230130 12:42:09.774"/>
</kw>
<status status="PASS" starttime="20230130 12:42:09.728" endtime="20230130 12:42:09.775"/>
</kw>
<status status="PASS" starttime="20230130 12:42:09.295" endtime="20230130 12:42:09.775"/>
</kw>
<kw name="Verify Page Loaded" library="Home">
<kw name="Wait Until Page Contains" library="SeleniumLibrary">
<arg>${HOME_HEADER_LABEL}</arg>
<doc>Waits until ``text`` appears on the current page.</doc>
<status status="PASS" starttime="20230130 12:42:09.778" endtime="20230130 12:42:09.803"/>
</kw>
<status status="PASS" starttime="20230130 12:42:09.776" endtime="20230130 12:42:09.804"/>
</kw>
<status status="PASS" starttime="20230130 12:42:09.294" endtime="20230130 12:42:09.807"/>
</kw>
<kw name="End Web Test" library="Common" type="TEARDOWN">
<kw name="Close All Browsers" library="SeleniumLibrary">
<doc>Closes all open browsers and resets the browser cache.</doc>
<status status="PASS" starttime="20230130 12:42:09.809" endtime="20230130 12:42:10.024"/>
</kw>
<status status="PASS" starttime="20230130 12:42:09.808" endtime="20230130 12:42:10.024"/>
</kw>
<doc>Test the home page</doc>
<tag>1001 Smoke</tag>
<tag>Home</tag>
<status status="PASS" starttime="20230130 12:42:04.467" endtime="20230130 12:42:10.025"/>
</test>
<test id="s1-t2" name="Should be able Login with Valid Credentials" line="27">
<kw name="Begin Web Test" library="Common" type="SETUP">
<kw name="Set Selenium Timeout" library="SeleniumLibrary">
<arg>10s</arg>
<doc>Sets the timeout that is used by various keywords.</doc>
<status status="PASS" starttime="20230130 12:42:10.030" endtime="20230130 12:42:10.031"/>
</kw>
<kw name="Open Browser" library="SeleniumLibrary">
<arg>https://automationplayground.com/crm/</arg>
<arg>${BROWSER}</arg>
<doc>Opens a new browser instance to the optional ``url``.</doc>
<msg timestamp="20230130 12:42:10.033" level="INFO">Opening browser 'chrome' to base url 'https://automationplayground.com/crm/'.</msg>
<status status="PASS" starttime="20230130 12:42:10.031" endtime="20230130 12:42:13.332"/>
</kw>
<kw name="Set Window Position" library="SeleniumLibrary">
<arg>x=341</arg>
<arg>y=169</arg>
<doc>Sets window position using ``x`` and ``y`` coordinates.</doc>
<status status="PASS" starttime="20230130 12:42:13.333" endtime="20230130 12:42:13.483"/>
</kw>
<kw name="Set Window Size" library="SeleniumLibrary">
<arg>width=1935</arg>
<arg>height=1090</arg>
<doc>Sets current windows size to given ``width`` and ``height``.</doc>
<status status="PASS" starttime="20230130 12:42:13.483" endtime="20230130 12:42:13.643"/>
</kw>
<kw name="Wait Until Page Contains" library="SeleniumLibrary">
<arg>Customers Are Priority One!</arg>
<doc>Waits until ``text`` appears on the current page.</doc>
<status status="PASS" starttime="20230130 12:42:13.643" endtime="20230130 12:42:13.677"/>
</kw>
<status status="PASS" starttime="20230130 12:42:10.028" endtime="20230130 12:42:13.678"/>
</kw>
<kw name="Go to &quot;Home&quot; Page" library="Crm.App">
<kw name="Navigate To" library="Home">
<kw name="Go To" library="SeleniumLibrary">
<arg>${URL}</arg>
<doc>Navigates the current browser window to the provided ``url``.</doc>
<msg timestamp="20230130 12:42:13.683" level="INFO">Opening url 'https://automationplayground.com/crm/'</msg>
<status status="PASS" starttime="20230130 12:42:13.680" endtime="20230130 12:42:14.111"/>
</kw>
<kw name="Verify Page Loaded" library="Home">
<kw name="Wait Until Page Contains" library="SeleniumLibrary">
<arg>${HOME_HEADER_LABEL}</arg>
<doc>Waits until ``text`` appears on the current page.</doc>
<status status="PASS" starttime="20230130 12:42:14.112" endtime="20230130 12:42:14.169"/>
</kw>
<status status="PASS" starttime="20230130 12:42:14.111" endtime="20230130 12:42:14.169"/>
</kw>
<status status="PASS" starttime="20230130 12:42:13.680" endtime="20230130 12:42:14.170"/>
</kw>
<kw name="Verify Page Loaded" library="Home">
<kw name="Wait Until Page Contains" library="SeleniumLibrary">
<arg>${HOME_HEADER_LABEL}</arg>
<doc>Waits until ``text`` appears on the current page.</doc>
<status status="PASS" starttime="20230130 12:42:14.175" endtime="20230130 12:42:14.202"/>
</kw>
<status status="PASS" starttime="20230130 12:42:14.171" endtime="20230130 12:42:14.203"/>
</kw>
<status status="PASS" starttime="20230130 12:42:13.678" endtime="20230130 12:42:14.203"/>
</kw>
<kw name="Login with Valid Credentials" library="Crm.App">
<arg>${VALID_LOGIN_EMAIL}</arg>
<arg>${VALID_LOGIN_PASSWORD}</arg>
<kw name="Click &quot;Sign In&quot; Link" library="TopNav">
<kw name="Click Link" library="SeleniumLibrary">
<arg>${TOPNAV_SIGNIN_LINK}</arg>
<doc>Clicks a link identified by ``locator``.</doc>
<msg timestamp="20230130 12:42:14.212" level="INFO">Clicking link 'id =SignIn'.</msg>
<status status="PASS" starttime="20230130 12:42:14.210" endtime="20230130 12:42:14.784"/>
</kw>
<status status="PASS" starttime="20230130 12:42:14.209" endtime="20230130 12:42:14.785"/>
</kw>
<kw name="Verify Page Loaded" library="SignIn">
<kw name="Wait Until Page Contains" library="SeleniumLibrary">
<arg>${SIGNIN_HEADER_LABEL}</arg>
<doc>Waits until ``text`` appears on the current page.</doc>
<status status="PASS" starttime="20230130 12:42:14.787" endtime="20230130 12:42:14.826"/>
</kw>
<status status="PASS" starttime="20230130 12:42:14.786" endtime="20230130 12:42:14.826"/>
</kw>
<kw name="Login With Valid Credentials" library="SignIn">
<arg>${Email}</arg>
<arg>${Password}</arg>
<kw name="Fill &quot;Email&quot; Field" library="SignIn">
<arg>${Email}</arg>
<kw name="Input Text" library="SeleniumLibrary">
<arg>${SIGNIN_EMAIL_TEXTBOX}</arg>
<arg>${Email}</arg>
<doc>Types the given ``text`` into the text field identified by ``locator``.</doc>
<msg timestamp="20230130 12:42:14.836" level="INFO">Typing text 'admin@robotframeworktutorial.com' into text field 'id=email-id'.</msg>
<status status="PASS" starttime="20230130 12:42:14.833" endtime="20230130 12:42:15.237"/>
</kw>
<status status="PASS" starttime="20230130 12:42:14.829" endtime="20230130 12:42:15.238"/>
</kw>
<kw name="Fill &quot;Password&quot; Field" library="SignIn">
<arg>${Password}</arg>
<kw name="Input Text" library="SeleniumLibrary">
<arg>${SIGNIN_PASSWORD_TEXTBOX}</arg>
<arg>${Password}</arg>
<doc>Types the given ``text`` into the text field identified by ``locator``.</doc>
<msg timestamp="20230130 12:42:15.243" level="INFO">Typing text 'MyPassword!' into text field 'id=password'.</msg>
<status status="PASS" starttime="20230130 12:42:15.240" endtime="20230130 12:42:15.534"/>
</kw>
<status status="PASS" starttime="20230130 12:42:15.238" endtime="20230130 12:42:15.534"/>
</kw>
<kw name="Click &quot;Submit&quot; Button" library="SignIn">
<kw name="Click Button" library="SeleniumLibrary">
<arg>${SIGNIN_SUBMIT_BUTTON}</arg>
<doc>Clicks the button identified by ``locator``.</doc>
<msg timestamp="20230130 12:42:15.538" level="INFO">Clicking button 'id=submit-id'.</msg>
<status status="PASS" starttime="20230130 12:42:15.536" endtime="20230130 12:42:16.347"/>
</kw>
<status status="PASS" starttime="20230130 12:42:15.535" endtime="20230130 12:42:16.348"/>
</kw>
<status status="PASS" starttime="20230130 12:42:14.827" endtime="20230130 12:42:16.348"/>
</kw>
<kw name="Verify Page Loaded" library="Customers">
<kw name="Wait Until Page Contains" library="SeleniumLibrary">
<arg>${CUSTOMER_HEADER_LABEL}</arg>
<doc>Waits until ``text`` appears on the current page.</doc>
<status status="PASS" starttime="20230130 12:42:16.350" endtime="20230130 12:42:16.387"/>
</kw>
<status status="PASS" starttime="20230130 12:42:16.349" endtime="20230130 12:42:16.387"/>
</kw>
<status status="PASS" starttime="20230130 12:42:14.207" endtime="20230130 12:42:16.388"/>
</kw>
<kw name="End Web Test" library="Common" type="TEARDOWN">
<kw name="Close All Browsers" library="SeleniumLibrary">
<doc>Closes all open browsers and resets the browser cache.</doc>
<status status="PASS" starttime="20230130 12:42:16.391" endtime="20230130 12:42:16.632"/>
</kw>
<status status="PASS" starttime="20230130 12:42:16.389" endtime="20230130 12:42:16.633"/>
</kw>
<doc>Test the login</doc>
<tag>1002 Smoke</tag>
<tag>Login</tag>
<status status="PASS" starttime="20230130 12:42:10.026" endtime="20230130 12:42:16.633"/>
</test>
<test id="s1-t3" name="Should be able to Log Out" line="34">
<kw name="Begin Web Test" library="Common" type="SETUP">
<kw name="Set Selenium Timeout" library="SeleniumLibrary">
<arg>10s</arg>
<doc>Sets the timeout that is used by various keywords.</doc>
<status status="PASS" starttime="20230130 12:42:16.640" endtime="20230130 12:42:16.641"/>
</kw>
<kw name="Open Browser" library="SeleniumLibrary">
<arg>https://automationplayground.com/crm/</arg>
<arg>${BROWSER}</arg>
<doc>Opens a new browser instance to the optional ``url``.</doc>
<msg timestamp="20230130 12:42:16.643" level="INFO">Opening browser 'chrome' to base url 'https://automationplayground.com/crm/'.</msg>
<status status="PASS" starttime="20230130 12:42:16.641" endtime="20230130 12:42:20.335"/>
</kw>
<kw name="Set Window Position" library="SeleniumLibrary">
<arg>x=341</arg>
<arg>y=169</arg>
<doc>Sets window position using ``x`` and ``y`` coordinates.</doc>
<status status="PASS" starttime="20230130 12:42:20.336" endtime="20230130 12:42:20.453"/>
</kw>
<kw name="Set Window Size" library="SeleniumLibrary">
<arg>width=1935</arg>
<arg>height=1090</arg>
<doc>Sets current windows size to given ``width`` and ``height``.</doc>
<status status="PASS" starttime="20230130 12:42:20.454" endtime="20230130 12:42:20.604"/>
</kw>
<kw name="Wait Until Page Contains" library="SeleniumLibrary">
<arg>Customers Are Priority One!</arg>
<doc>Waits until ``text`` appears on the current page.</doc>
<status status="PASS" starttime="20230130 12:42:20.605" endtime="20230130 12:42:20.646"/>
</kw>
<status status="PASS" starttime="20230130 12:42:16.638" endtime="20230130 12:42:20.647"/>
</kw>
<kw name="Go to &quot;Home&quot; Page" library="Crm.App">
<kw name="Navigate To" library="Home">
<kw name="Go To" library="SeleniumLibrary">
<arg>${URL}</arg>
<doc>Navigates the current browser window to the provided ``url``.</doc>
<msg timestamp="20230130 12:42:20.652" level="INFO">Opening url 'https://automationplayground.com/crm/'</msg>
<status status="PASS" starttime="20230130 12:42:20.652" endtime="20230130 12:42:21.047"/>
</kw>
<kw name="Verify Page Loaded" library="Home">
<kw name="Wait Until Page Contains" library="SeleniumLibrary">
<arg>${HOME_HEADER_LABEL}</arg>
<doc>Waits until ``text`` appears on the current page.</doc>
<status status="PASS" starttime="20230130 12:42:21.049" endtime="20230130 12:42:21.097"/>
</kw>
<status status="PASS" starttime="20230130 12:42:21.047" endtime="20230130 12:42:21.098"/>
</kw>
<status status="PASS" starttime="20230130 12:42:20.651" endtime="20230130 12:42:21.098"/>
</kw>
<kw name="Verify Page Loaded" library="Home">
<kw name="Wait Until Page Contains" library="SeleniumLibrary">
<arg>${HOME_HEADER_LABEL}</arg>
<doc>Waits until ``text`` appears on the current page.</doc>
<status status="PASS" starttime="20230130 12:42:21.102" endtime="20230130 12:42:21.125"/>
</kw>
<status status="PASS" starttime="20230130 12:42:21.100" endtime="20230130 12:42:21.125"/>
</kw>
<status status="PASS" starttime="20230130 12:42:20.650" endtime="20230130 12:42:21.126"/>
</kw>
<kw name="Login with Valid Credentials" library="Crm.App">
<arg>${VALID_LOGIN_EMAIL}</arg>
<arg>${VALID_LOGIN_PASSWORD}</arg>
<kw name="Click &quot;Sign In&quot; Link" library="TopNav">
<kw name="Click Link" library="SeleniumLibrary">
<arg>${TOPNAV_SIGNIN_LINK}</arg>
<doc>Clicks a link identified by ``locator``.</doc>
<msg timestamp="20230130 12:42:21.132" level="INFO">Clicking link 'id =SignIn'.</msg>
<status status="PASS" starttime="20230130 12:42:21.130" endtime="20230130 12:42:21.636"/>
</kw>
<status status="PASS" starttime="20230130 12:42:21.129" endtime="20230130 12:42:21.637"/>
</kw>
<kw name="Verify Page Loaded" library="SignIn">
<kw name="Wait Until Page Contains" library="SeleniumLibrary">
<arg>${SIGNIN_HEADER_LABEL}</arg>
<doc>Waits until ``text`` appears on the current page.</doc>
<status status="PASS" starttime="20230130 12:42:21.638" endtime="20230130 12:42:21.692"/>
</kw>
<status status="PASS" starttime="20230130 12:42:21.637" endtime="20230130 12:42:21.692"/>
</kw>
<kw name="Login With Valid Credentials" library="SignIn">
<arg>${Email}</arg>
<arg>${Password}</arg>
<kw name="Fill &quot;Email&quot; Field" library="SignIn">
<arg>${Email}</arg>
<kw name="Input Text" library="SeleniumLibrary">
<arg>${SIGNIN_EMAIL_TEXTBOX}</arg>
<arg>${Email}</arg>
<doc>Types the given ``text`` into the text field identified by ``locator``.</doc>
<msg timestamp="20230130 12:42:21.702" level="INFO">Typing text 'admin@robotframeworktutorial.com' into text field 'id=email-id'.</msg>
<status status="PASS" starttime="20230130 12:42:21.700" endtime="20230130 12:42:22.082"/>
</kw>
<status status="PASS" starttime="20230130 12:42:21.698" endtime="20230130 12:42:22.083"/>
</kw>
<kw name="Fill &quot;Password&quot; Field" library="SignIn">
<arg>${Password}</arg>
<kw name="Input Text" library="SeleniumLibrary">
<arg>${SIGNIN_PASSWORD_TEXTBOX}</arg>
<arg>${Password}</arg>
<doc>Types the given ``text`` into the text field identified by ``locator``.</doc>
<msg timestamp="20230130 12:42:22.087" level="INFO">Typing text 'MyPassword!' into text field 'id=password'.</msg>
<status status="PASS" starttime="20230130 12:42:22.085" endtime="20230130 12:42:22.384"/>
</kw>
<status status="PASS" starttime="20230130 12:42:22.083" endtime="20230130 12:42:22.385"/>
</kw>
<kw name="Click &quot;Submit&quot; Button" library="SignIn">
<kw name="Click Button" library="SeleniumLibrary">
<arg>${SIGNIN_SUBMIT_BUTTON}</arg>
<doc>Clicks the button identified by ``locator``.</doc>
<msg timestamp="20230130 12:42:22.388" level="INFO">Clicking button 'id=submit-id'.</msg>
<status status="PASS" starttime="20230130 12:42:22.386" endtime="20230130 12:42:23.182"/>
</kw>
<status status="PASS" starttime="20230130 12:42:22.385" endtime="20230130 12:42:23.183"/>
</kw>
<status status="PASS" starttime="20230130 12:42:21.693" endtime="20230130 12:42:23.184"/>
</kw>
<kw name="Verify Page Loaded" library="Customers">
<kw name="Wait Until Page Contains" library="SeleniumLibrary">
<arg>${CUSTOMER_HEADER_LABEL}</arg>
<doc>Waits until ``text`` appears on the current page.</doc>
<status status="PASS" starttime="20230130 12:42:23.185" endtime="20230130 12:42:23.227"/>
</kw>
<status status="PASS" starttime="20230130 12:42:23.184" endtime="20230130 12:42:23.227"/>
</kw>
<status status="PASS" starttime="20230130 12:42:21.127" endtime="20230130 12:42:23.227"/>
</kw>
<kw name="Sign Out" library="Crm.App">
<kw name="Click &quot;Sign Out&quot; Link" library="TopNav">
<kw name="Click Link" library="SeleniumLibrary">
<arg>${TOPNAV_SIGNOUT_LINK}</arg>
<doc>Clicks a link identified by ``locator``.</doc>
<msg timestamp="20230130 12:42:23.232" level="INFO">Clicking link 'Sign Out'.</msg>
<status status="PASS" starttime="20230130 12:42:23.230" endtime="20230130 12:42:23.699"/>
</kw>
<status status="PASS" starttime="20230130 12:42:23.229" endtime="20230130 12:42:23.699"/>
</kw>
<kw name="Verify Page Loaded" library="LoggedOut">
<kw name="Wait Until Page Contains" library="SeleniumLibrary">
<arg>${LOGGEDOUT_HEADER_LABEL}</arg>
<doc>Waits until ``text`` appears on the current page.</doc>
<status status="PASS" starttime="20230130 12:42:23.701" endtime="20230130 12:42:23.744"/>
</kw>
<status status="PASS" starttime="20230130 12:42:23.700" endtime="20230130 12:42:23.745"/>
</kw>
<status status="PASS" starttime="20230130 12:42:23.228" endtime="20230130 12:42:23.746"/>
</kw>
<kw name="End Web Test" library="Common" type="TEARDOWN">
<kw name="Close All Browsers" library="SeleniumLibrary">
<doc>Closes all open browsers and resets the browser cache.</doc>
<status status="PASS" starttime="20230130 12:42:23.748" endtime="20230130 12:42:23.919"/>
</kw>
<status status="PASS" starttime="20230130 12:42:23.747" endtime="20230130 12:42:23.919"/>
</kw>
<doc>Test the Log out</doc>
<tag>1003 Smoke</tag>
<tag>Login</tag>
<status status="PASS" starttime="20230130 12:42:16.635" endtime="20230130 12:42:23.920"/>
</test>
<test id="s1-t4" name="Should be able to add new customer" line="41">
<kw name="Begin Web Test" library="Common" type="SETUP">
<kw name="Set Selenium Timeout" library="SeleniumLibrary">
<arg>10s</arg>
<doc>Sets the timeout that is used by various keywords.</doc>
<status status="PASS" starttime="20230130 12:42:23.928" endtime="20230130 12:42:23.932"/>
</kw>
<kw name="Open Browser" library="SeleniumLibrary">
<arg>https://automationplayground.com/crm/</arg>
<arg>${BROWSER}</arg>
<doc>Opens a new browser instance to the optional ``url``.</doc>
<msg timestamp="20230130 12:42:23.935" level="INFO">Opening browser 'chrome' to base url 'https://automationplayground.com/crm/'.</msg>
<status status="PASS" starttime="20230130 12:42:23.933" endtime="20230130 12:42:27.053"/>
</kw>
<kw name="Set Window Position" library="SeleniumLibrary">
<arg>x=341</arg>
<arg>y=169</arg>
<doc>Sets window position using ``x`` and ``y`` coordinates.</doc>
<status status="PASS" starttime="20230130 12:42:27.054" endtime="20230130 12:42:27.172"/>
</kw>
<kw name="Set Window Size" library="SeleniumLibrary">
<arg>width=1935</arg>
<arg>height=1090</arg>
<doc>Sets current windows size to given ``width`` and ``height``.</doc>
<status status="PASS" starttime="20230130 12:42:27.172" endtime="20230130 12:42:27.321"/>
</kw>
<kw name="Wait Until Page Contains" library="SeleniumLibrary">
<arg>Customers Are Priority One!</arg>
<doc>Waits until ``text`` appears on the current page.</doc>
<status status="PASS" starttime="20230130 12:42:27.322" endtime="20230130 12:42:27.359"/>
</kw>
<status status="PASS" starttime="20230130 12:42:23.927" endtime="20230130 12:42:27.359"/>
</kw>
<kw name="Go to &quot;Home&quot; Page" library="Crm.App">
<kw name="Navigate To" library="Home">
<kw name="Go To" library="SeleniumLibrary">
<arg>${URL}</arg>
<doc>Navigates the current browser window to the provided ``url``.</doc>
<msg timestamp="20230130 12:42:27.363" level="INFO">Opening url 'https://automationplayground.com/crm/'</msg>
<status status="PASS" starttime="20230130 12:42:27.362" endtime="20230130 12:42:27.649"/>
</kw>
<kw name="Verify Page Loaded" library="Home">
<kw name="Wait Until Page Contains" library="SeleniumLibrary">
<arg>${HOME_HEADER_LABEL}</arg>
<doc>Waits until ``text`` appears on the current page.</doc>
<status status="PASS" starttime="20230130 12:42:27.651" endtime="20230130 12:42:27.705"/>
</kw>
<status status="PASS" starttime="20230130 12:42:27.649" endtime="20230130 12:42:27.705"/>
</kw>
<status status="PASS" starttime="20230130 12:42:27.361" endtime="20230130 12:42:27.706"/>
</kw>
<kw name="Verify Page Loaded" library="Home">
<kw name="Wait Until Page Contains" library="SeleniumLibrary">
<arg>${HOME_HEADER_LABEL}</arg>
<doc>Waits until ``text`` appears on the current page.</doc>
<status status="PASS" starttime="20230130 12:42:27.707" endtime="20230130 12:42:27.737"/>
</kw>
<status status="PASS" starttime="20230130 12:42:27.706" endtime="20230130 12:42:27.738"/>
</kw>
<status status="PASS" starttime="20230130 12:42:27.360" endtime="20230130 12:42:27.738"/>
</kw>
<kw name="Login with Valid Credentials" library="Crm.App">
<arg>${VALID_LOGIN_EMAIL}</arg>
<arg>${VALID_LOGIN_PASSWORD}</arg>
<kw name="Click &quot;Sign In&quot; Link" library="TopNav">
<kw name="Click Link" library="SeleniumLibrary">
<arg>${TOPNAV_SIGNIN_LINK}</arg>
<doc>Clicks a link identified by ``locator``.</doc>
<msg timestamp="20230130 12:42:27.745" level="INFO">Clicking link 'id =SignIn'.</msg>
<status status="PASS" starttime="20230130 12:42:27.743" endtime="20230130 12:42:28.235"/>
</kw>
<status status="PASS" starttime="20230130 12:42:27.742" endtime="20230130 12:42:28.235"/>
</kw>
<kw name="Verify Page Loaded" library="SignIn">
<kw name="Wait Until Page Contains" library="SeleniumLibrary">
<arg>${SIGNIN_HEADER_LABEL}</arg>
<doc>Waits until ``text`` appears on the current page.</doc>
<status status="PASS" starttime="20230130 12:42:28.240" endtime="20230130 12:42:28.288"/>
</kw>
<status status="PASS" starttime="20230130 12:42:28.236" endtime="20230130 12:42:28.290"/>
</kw>
<kw name="Login With Valid Credentials" library="SignIn">
<arg>${Email}</arg>
<arg>${Password}</arg>
<kw name="Fill &quot;Email&quot; Field" library="SignIn">
<arg>${Email}</arg>
<kw name="Input Text" library="SeleniumLibrary">
<arg>${SIGNIN_EMAIL_TEXTBOX}</arg>
<arg>${Email}</arg>
<doc>Types the given ``text`` into the text field identified by ``locator``.</doc>
<msg timestamp="20230130 12:42:28.297" level="INFO">Typing text 'admin@robotframeworktutorial.com' into text field 'id=email-id'.</msg>
<status status="PASS" starttime="20230130 12:42:28.293" endtime="20230130 12:42:28.704"/>
</kw>
<status status="PASS" starttime="20230130 12:42:28.292" endtime="20230130 12:42:28.705"/>
</kw>
<kw name="Fill &quot;Password&quot; Field" library="SignIn">
<arg>${Password}</arg>
<kw name="Input Text" library="SeleniumLibrary">
<arg>${SIGNIN_PASSWORD_TEXTBOX}</arg>
<arg>${Password}</arg>
<doc>Types the given ``text`` into the text field identified by ``locator``.</doc>
<msg timestamp="20230130 12:42:28.710" level="INFO">Typing text 'MyPassword!' into text field 'id=password'.</msg>
<status status="PASS" starttime="20230130 12:42:28.707" endtime="20230130 12:42:29.061"/>
</kw>
<status status="PASS" starttime="20230130 12:42:28.705" endtime="20230130 12:42:29.064"/>
</kw>
<kw name="Click &quot;Submit&quot; Button" library="SignIn">
<kw name="Click Button" library="SeleniumLibrary">
<arg>${SIGNIN_SUBMIT_BUTTON}</arg>
<doc>Clicks the button identified by ``locator``.</doc>
<msg timestamp="20230130 12:42:29.069" level="INFO">Clicking button 'id=submit-id'.</msg>
<status status="PASS" starttime="20230130 12:42:29.067" endtime="20230130 12:42:29.919"/>
</kw>
<status status="PASS" starttime="20230130 12:42:29.065" endtime="20230130 12:42:29.919"/>
</kw>
<status status="PASS" starttime="20230130 12:42:28.291" endtime="20230130 12:42:29.921"/>
</kw>
<kw name="Verify Page Loaded" library="Customers">
<kw name="Wait Until Page Contains" library="SeleniumLibrary">
<arg>${CUSTOMER_HEADER_LABEL}</arg>
<doc>Waits until ``text`` appears on the current page.</doc>
<status status="PASS" starttime="20230130 12:42:29.923" endtime="20230130 12:42:29.961"/>
</kw>
<status status="PASS" starttime="20230130 12:42:29.922" endtime="20230130 12:42:29.962"/>
</kw>
<status status="PASS" starttime="20230130 12:42:27.740" endtime="20230130 12:42:29.962"/>
</kw>
<kw name="Add New Customer" library="Crm.App">
<kw name="Click Add Customer link" library="Customers">
<kw name="Click Link" library="SeleniumLibrary">
<arg>${CUSTOMERS_ADD_CUSTOMER_LINK}</arg>
<doc>Clicks a link identified by ``locator``.</doc>
<msg timestamp="20230130 12:42:29.975" level="INFO">Clicking link 'id=new-customer'.</msg>
<status status="PASS" starttime="20230130 12:42:29.973" endtime="20230130 12:42:30.675"/>
</kw>
<status status="PASS" starttime="20230130 12:42:29.972" endtime="20230130 12:42:30.676"/>
</kw>
<kw name="Verify Page Loaded" library="AddCustomer">
<kw name="Wait Until Page Contains" library="SeleniumLibrary">
<arg>${ADDCUSTOMER_HEADER_LABEL}</arg>
<doc>Waits until ``text`` appears on the current page.</doc>
<status status="PASS" starttime="20230130 12:42:30.678" endtime="20230130 12:42:30.716"/>
</kw>
<status status="PASS" starttime="20230130 12:42:30.677" endtime="20230130 12:42:30.716"/>
</kw>
<kw name="Add New Customer" library="AddCustomer">
<kw name="Fill Customer Fields" library="AddCustomer">
<kw name="Input Text" library="SeleniumLibrary">
<arg>${ADDCUSTOMER_EMAIL_TEXTBOX}</arg>
<arg>janedoe@gmail.com</arg>
<doc>Types the given ``text`` into the text field identified by ``locator``.</doc>
<msg timestamp="20230130 12:42:30.720" level="INFO">Typing text 'janedoe@gmail.com' into text field 'id=EmailAddress'.</msg>
<status status="PASS" starttime="20230130 12:42:30.718" endtime="20230130 12:42:31.049"/>
</kw>
<kw name="Input Text" library="SeleniumLibrary">
<arg>${ADDCUSTOMER_FIRST_NAME_TEXTBOX}</arg>
<arg>Jane</arg>
<doc>Types the given ``text`` into the text field identified by ``locator``.</doc>
<msg timestamp="20230130 12:42:31.052" level="INFO">Typing text 'Jane' into text field 'id=FirstName'.</msg>
<status status="PASS" starttime="20230130 12:42:31.050" endtime="20230130 12:42:31.407"/>
</kw>
<kw name="Input Text" library="SeleniumLibrary">
<arg>${ADDCUSTOMER_LAST_NAME_TEXTBOX}</arg>
<arg>Doe</arg>
<doc>Types the given ``text`` into the text field identified by ``locator``.</doc>
<msg timestamp="20230130 12:42:31.409" level="INFO">Typing text 'Doe' into text field 'id=LastName'.</msg>
<status status="PASS" starttime="20230130 12:42:31.407" endtime="20230130 12:42:31.683"/>
</kw>
<kw name="Input Text" library="SeleniumLibrary">
<arg>${ADDCUSTOMER_CITY_TEXTBOX}</arg>
<arg>Dallas</arg>
<doc>Types the given ``text`` into the text field identified by ``locator``.</doc>
<msg timestamp="20230130 12:42:31.685" level="INFO">Typing text 'Dallas' into text field 'id=City'.</msg>
<status status="PASS" starttime="20230130 12:42:31.683" endtime="20230130 12:42:32.008"/>
</kw>
<kw name="Select From List By Value" library="SeleniumLibrary">
<arg>${ADDCUSTOMER_STATE_DROPDOWN}</arg>
<arg>TX</arg>
<doc>Selects options from selection list ``locator`` by ``values``.</doc>
<msg timestamp="20230130 12:42:32.010" level="INFO">Selecting options from selection list 'id=StateOrRegion' by value TX.</msg>
<status status="PASS" starttime="20230130 12:42:32.008" endtime="20230130 12:42:32.303"/>
</kw>
<kw name="Select Radio Button" library="SeleniumLibrary">
<arg>${ADDCUSTOMER_GENDER_BRADIO}</arg>
<arg>female</arg>
<doc>Sets the radio button group ``group_name`` to ``value``.</doc>
<msg timestamp="20230130 12:42:32.305" level="INFO">Selecting 'female' from radio button 'gender'.</msg>
<status status="PASS" starttime="20230130 12:42:32.304" endtime="20230130 12:42:32.514"/>
</kw>
<kw name="Select Checkbox" library="SeleniumLibrary">
<arg>${ADDCUSTOMER_PROMO_CHECKBOX}</arg>
<doc>Selects the checkbox identified by ``locator``.</doc>
<msg timestamp="20230130 12:42:32.516" level="INFO">Selecting checkbox 'name=promos-name'.</msg>
<status status="PASS" starttime="20230130 12:42:32.514" endtime="20230130 12:42:32.783"/>
</kw>
<status status="PASS" starttime="20230130 12:42:30.717" endtime="20230130 12:42:32.784"/>
</kw>
<kw name="Click Submit Button" library="AddCustomer">
<kw name="Click Button" library="SeleniumLibrary">
<arg>${ADDCUSTOMER_SUBMIT_BUTTON}</arg>
<doc>Clicks the button identified by ``locator``.</doc>
<msg timestamp="20230130 12:42:32.788" level="INFO">Clicking button 'Submit'.</msg>
<status status="PASS" starttime="20230130 12:42:32.786" endtime="20230130 12:42:33.298"/>
</kw>
<status status="PASS" starttime="20230130 12:42:32.785" endtime="20230130 12:42:33.299"/>
</kw>
<status status="PASS" starttime="20230130 12:42:30.717" endtime="20230130 12:42:33.299"/>
</kw>
<kw name="Verify Customer Added Successfully" library="Customers">
<kw name="Wait Until Page Contains" library="SeleniumLibrary">
<arg>${CUSTOMERS_CUSTOMER_SUCCES_LABEL}</arg>
<doc>Waits until ``text`` appears on the current page.</doc>
<status status="PASS" starttime="20230130 12:42:33.302" endtime="20230130 12:42:33.348"/>
</kw>
<status status="PASS" starttime="20230130 12:42:33.301" endtime="20230130 12:42:33.348"/>
</kw>
<status status="PASS" starttime="20230130 12:42:29.971" endtime="20230130 12:42:33.348"/>
</kw>
<kw name="Sign Out" library="Crm.App">
<kw name="Click &quot;Sign Out&quot; Link" library="TopNav">
<kw name="Click Link" library="SeleniumLibrary">
<arg>${TOPNAV_SIGNOUT_LINK}</arg>
<doc>Clicks a link identified by ``locator``.</doc>
<msg timestamp="20230130 12:42:33.355" level="INFO">Clicking link 'Sign Out'.</msg>
<status status="PASS" starttime="20230130 12:42:33.354" endtime="20230130 12:42:33.795"/>
</kw>
<status status="PASS" starttime="20230130 12:42:33.352" endtime="20230130 12:42:33.796"/>
</kw>
<kw name="Verify Page Loaded" library="LoggedOut">
<kw name="Wait Until Page Contains" library="SeleniumLibrary">
<arg>${LOGGEDOUT_HEADER_LABEL}</arg>
<doc>Waits until ``text`` appears on the current page.</doc>
<status status="PASS" starttime="20230130 12:42:33.798" endtime="20230130 12:42:33.846"/>
</kw>
<status status="PASS" starttime="20230130 12:42:33.797" endtime="20230130 12:42:33.847"/>
</kw>
<status status="PASS" starttime="20230130 12:42:33.351" endtime="20230130 12:42:33.847"/>
</kw>
<kw name="End Web Test" library="Common" type="TEARDOWN">
<kw name="Close All Browsers" library="SeleniumLibrary">
<doc>Closes all open browsers and resets the browser cache.</doc>
<status status="PASS" starttime="20230130 12:42:33.852" endtime="20230130 12:42:34.022"/>
</kw>
<status status="PASS" starttime="20230130 12:42:33.849" endtime="20230130 12:42:34.025"/>
</kw>
<doc>Test adding a new customer</doc>
<tag>1004 Smoke</tag>
<tag>Contacts</tag>
<status status="PASS" starttime="20230130 12:42:23.921" endtime="20230130 12:42:34.025"/>
</test>
<doc>This is some basic info about the shole suite</doc>
<status status="PASS" starttime="20230130 12:42:03.672" endtime="20230130 12:42:34.028"/>
</suite>
<statistics>
<total>
<stat pass="4" fail="0" skip="0">All Tests</stat>
</total>
<tag>
<stat pass="1" fail="0" skip="0">1001 Smoke</stat>
<stat pass="1" fail="0" skip="0">1002 Smoke</stat>
<stat pass="1" fail="0" skip="0">1003 Smoke</stat>
<stat pass="1" fail="0" skip="0">1004 Smoke</stat>
<stat pass="1" fail="0" skip="0">Contacts</stat>
<stat pass="1" fail="0" skip="0">Home</stat>
<stat pass="2" fail="0" skip="0">Login</stat>
</tag>
<suite>
<stat pass="4" fail="0" skip="0" id="s1" name="Crm">Crm</stat>
</suite>
</statistics>
<errors>
</errors>
</robot>
